{
  "RSpec": {
    "coverage": {
      "/Users/adamhindmarsh/Desktop/projects/bookmarks/app.rb": {
        "lines": [
          1,
          1,
          null,
          1,
          null,
          1,
          3,
          null,
          null,
          1,
          4,
          4,
          null,
          null,
          1,
          2,
          null,
          null,
          1,
          1,
          1,
          null,
          null,
          1,
          null,
          null,
          null
        ]
      },
      "/Users/adamhindmarsh/Desktop/projects/bookmarks/lib/bookmarks.rb": {
        "lines": [
          1,
          null,
          1,
          null,
          1,
          null,
          1,
          9,
          9,
          9,
          null,
          null,
          1,
          5,
          5,
          null,
          0,
          null,
          null,
          5,
          5,
          4,
          null,
          null,
          null,
          1,
          5,
          5,
          null,
          0,
          null,
          null,
          5,
          5,
          null,
          null,
          null
        ]
      },
      "/Users/adamhindmarsh/Desktop/projects/bookmarks/spec/Features/add_bookmark_spec.rb": {
        "lines": [
          1,
          null,
          1,
          1,
          1,
          1,
          null,
          null,
          1,
          1,
          1,
          1,
          1,
          1,
          1,
          null,
          null
        ]
      },
      "/Users/adamhindmarsh/Desktop/projects/bookmarks/spec/Features/index_spec.rb": {
        "lines": [
          1,
          1,
          1,
          1,
          null,
          null,
          null,
          null,
          null,
          null,
          null,
          null,
          null
        ]
      },
      "/Users/adamhindmarsh/Desktop/projects/bookmarks/spec/bookmark_spec.rb": {
        "lines": [
          1,
          null,
          1,
          1,
          1,
          null,
          1,
          1,
          1,
          null,
          1,
          null,
          1,
          1,
          1,
          1,
          1,
          null,
          null,
          null,
          null,
          1,
          1,
          1,
          1,
          1,
          null,
          null,
          null
        ]
      }
    },
    "timestamp": 1642689474
  }
}
